# JRE version: Java(TM) SE Runtime Environment (8.0_111-b14) (build 1.8.0_111-b14)
# Java VM: Java HotSpot(TM) 64-Bit Server VM (25.111-b14 mixed mode linux-amd64 compressed oops)
Heap:
 PSYoungGen      total 238080K, used 0K [0x00000000ed000000, 0x00000000fee80000, 0x0000000100000000)
  eden space 216576K, 0% used [0x00000000ed000000,0x00000000ed000000,0x00000000fa380000)
  from space 21504K, 0% used [0x00000000fa380000,0x00000000fa380000,0x00000000fb880000)
  to   space 25088K, 0% used [0x00000000fd600000,0x00000000fd600000,0x00000000fee80000)
 ParOldGen       total 120320K, used 47318K [0x00000000c7000000, 0x00000000ce580000, 0x00000000ed000000)
  object space 120320K, 39% used [0x00000000c7000000,0x00000000c9e35988,0x00000000ce580000)
 Metaspace       used 58275K, capacity 59112K, committed 59608K, reserved 1101824K
  class space    used 7334K, capacity 7553K, committed 7640K, reserved 1048576K
GC Heap History (10 events):
Event: 5.510 GC heap before
{Heap before GC invocations=10 (full 2):
 PSYoungGen      total 186368K, used 13307K [0x00000000ed000000, 0x00000000fda00000, 0x0000000100000000)
  eden space 173056K, 0% used [0x00000000ed000000,0x00000000ed000000,0x00000000f7900000)
  from space 13312K, 99% used [0x00000000fcd00000,0x00000000fd9fecc0,0x00000000fda00000)
  to   space 17408K, 0% used [0x00000000fb800000,0x00000000fb800000,0x00000000fc900000)
 ParOldGen       total 58368K, used 30646K [0x00000000c7000000, 0x00000000ca900000, 0x00000000ed000000)
  object space 58368K, 52% used [0x00000000c7000000,0x00000000c8ded9d8,0x00000000ca900000)
 Metaspace       used 34402K, capacity 35190K, committed 35456K, reserved 1081344K
  class space    used 4176K, capacity 4386K, committed 4480K, reserved 1048576K
Event: 5.712 GC heap after
Heap after GC invocations=10 (full 2):
 PSYoungGen      total 186368K, used 0K [0x00000000ed000000, 0x00000000fda00000, 0x0000000100000000)
  eden space 173056K, 0% used [0x00000000ed000000,0x00000000ed000000,0x00000000f7900000)
  from space 13312K, 0% used [0x00000000fcd00000,0x00000000fcd00000,0x00000000fda00000)
  to   space 17408K, 0% used [0x00000000fb800000,0x00000000fb800000,0x00000000fc900000)
 ParOldGen       total 84480K, used 33782K [0x00000000c7000000, 0x00000000cc280000, 0x00000000ed000000)
  object space 84480K, 39% used [0x00000000c7000000,0x00000000c90fdbe0,0x00000000cc280000)
 Metaspace       used 34402K, capacity 35190K, committed 35456K, reserved 1081344K
  class space    used 4176K, capacity 4386K, committed 4480K, reserved 1048576K
}
Event: 6.910 GC heap before
{Heap before GC invocations=11 (full 2):
 PSYoungGen      total 186368K, used 173056K [0x00000000ed000000, 0x00000000fda00000, 0x0000000100000000)
  eden space 173056K, 100% used [0x00000000ed000000,0x00000000f7900000,0x00000000f7900000)
  from space 13312K, 0% used [0x00000000fcd00000,0x00000000fcd00000,0x00000000fda00000)
  to   space 17408K, 0% used [0x00000000fb800000,0x00000000fb800000,0x00000000fc900000)
 ParOldGen       total 84480K, used 33782K [0x00000000c7000000, 0x00000000cc280000, 0x00000000ed000000)
  object space 84480K, 39% used [0x00000000c7000000,0x00000000c90fdbe0,0x00000000cc280000)
 Metaspace       used 38451K, capacity 39312K, committed 39552K, reserved 1083392K
  class space    used 4697K, capacity 4941K, committed 4992K, reserved 1048576K
Event: 6.924 GC heap after
Heap after GC invocations=11 (full 2):
 PSYoungGen      total 203776K, used 10658K [0x00000000ed000000, 0x00000000fcd80000, 0x0000000100000000)
  eden space 193024K, 0% used [0x00000000ed000000,0x00000000ed000000,0x00000000f8c80000)
  from space 10752K, 99% used [0x00000000fb800000,0x00000000fc268ba0,0x00000000fc280000)
  to   space 11264K, 0% used [0x00000000fc280000,0x00000000fc280000,0x00000000fcd80000)
 ParOldGen       total 84480K, used 33790K [0x00000000c7000000, 0x00000000cc280000, 0x00000000ed000000)
  object space 84480K, 39% used [0x00000000c7000000,0x00000000c90ffbe0,0x00000000cc280000)
 Metaspace       used 38451K, capacity 39312K, committed 39552K, reserved 1083392K
  class space    used 4697K, capacity 4941K, committed 4992K, reserved 1048576K
}
Event: 9.028 GC heap before
{Heap before GC invocations=12 (full 2):
 PSYoungGen      total 203776K, used 203682K [0x00000000ed000000, 0x00000000fcd80000, 0x0000000100000000)
  eden space 193024K, 100% used [0x00000000ed000000,0x00000000f8c80000,0x00000000f8c80000)
  from space 10752K, 99% used [0x00000000fb800000,0x00000000fc268ba0,0x00000000fc280000)
  to   space 11264K, 0% used [0x00000000fc280000,0x00000000fc280000,0x00000000fcd80000)
 ParOldGen       total 84480K, used 33790K [0x00000000c7000000, 0x00000000cc280000, 0x00000000ed000000)
  object space 84480K, 39% used [0x00000000c7000000,0x00000000c90ffbe0,0x00000000cc280000)
 Metaspace       used 52084K, capacity 53002K, committed 53376K, reserved 1095680K
  class space    used 6544K, capacity 6780K, committed 6784K, reserved 1048576K
Event: 9.064 GC heap after
Heap after GC invocations=12 (full 2):
 PSYoungGen      total 226304K, used 11238K [0x00000000ed000000, 0x00000000fcd80000, 0x0000000100000000)
  eden space 215040K, 0% used [0x00000000ed000000,0x00000000ed000000,0x00000000fa200000)
  from space 11264K, 99% used [0x00000000fc280000,0x00000000fcd798b8,0x00000000fcd80000)
  to   space 21504K, 0% used [0x00000000fa380000,0x00000000fa380000,0x00000000fb880000)
 ParOldGen       total 84480K, used 43849K [0x00000000c7000000, 0x00000000cc280000, 0x00000000ed000000)
  object space 84480K, 51% used [0x00000000c7000000,0x00000000c9ad25e8,0x00000000cc280000)
 Metaspace       used 52084K, capacity 53002K, committed 53376K, reserved 1095680K
  class space    used 6544K, capacity 6780K, committed 6784K, reserved 1048576K
}
Event: 10.240 GC heap before
{Heap before GC invocations=13 (full 2):
 PSYoungGen      total 226304K, used 137059K [0x00000000ed000000, 0x00000000fcd80000, 0x0000000100000000)
  eden space 215040K, 58% used [0x00000000ed000000,0x00000000f4adf670,0x00000000fa200000)
  from space 11264K, 99% used [0x00000000fc280000,0x00000000fcd798b8,0x00000000fcd80000)
  to   space 21504K, 0% used [0x00000000fa380000,0x00000000fa380000,0x00000000fb880000)
 ParOldGen       total 84480K, used 43849K [0x00000000c7000000, 0x00000000cc280000, 0x00000000ed000000)
  object space 84480K, 51% used [0x00000000c7000000,0x00000000c9ad25e8,0x00000000cc280000)
 Metaspace       used 57913K, capacity 58728K, committed 59096K, reserved 1101824K
  class space    used 7334K, capacity 7553K, committed 7640K, reserved 1048576K
Event: 10.280 GC heap after
Heap after GC invocations=13 (full 2):
 PSYoungGen      total 238080K, used 21498K [0x00000000ed000000, 0x00000000fee80000, 0x0000000100000000)
  eden space 216576K, 0% used [0x00000000ed000000,0x00000000ed000000,0x00000000fa380000)
  from space 21504K, 99% used [0x00000000fa380000,0x00000000fb87ea60,0x00000000fb880000)
  to   space 25088K, 0% used [0x00000000fd600000,0x00000000fd600000,0x00000000fee80000)
 ParOldGen       total 84480K, used 44764K [0x00000000c7000000, 0x00000000cc280000, 0x00000000ed000000)
  object space 84480K, 52% used [0x00000000c7000000,0x00000000c9bb7208,0x00000000cc280000)
 Metaspace       used 57913K, capacity 58728K, committed 59096K, reserved 1101824K
  class space    used 7334K, capacity 7553K, committed 7640K, reserved 1048576K
}
Event: 10.280 GC heap before
{Heap before GC invocations=14 (full 3):
 PSYoungGen      total 238080K, used 21498K [0x00000000ed000000, 0x00000000fee80000, 0x0000000100000000)
  eden space 216576K, 0% used [0x00000000ed000000,0x00000000ed000000,0x00000000fa380000)
  from space 21504K, 99% used [0x00000000fa380000,0x00000000fb87ea60,0x00000000fb880000)
  to   space 25088K, 0% used [0x00000000fd600000,0x00000000fd600000,0x00000000fee80000)
 ParOldGen       total 84480K, used 44764K [0x00000000c7000000, 0x00000000cc280000, 0x00000000ed000000)
  object space 84480K, 52% used [0x00000000c7000000,0x00000000c9bb7208,0x00000000cc280000)
 Metaspace       used 57913K, capacity 58728K, committed 59096K, reserved 1101824K
  class space    used 7334K, capacity 7553K, committed 7640K, reserved 1048576K
Event: 10.486 GC heap after
Heap after GC invocations=14 (full 3):
 PSYoungGen      total 238080K, used 0K [0x00000000ed000000, 0x00000000fee80000, 0x0000000100000000)
  eden space 216576K, 0% used [0x00000000ed000000,0x00000000ed000000,0x00000000fa380000)
  from space 21504K, 0% used [0x00000000fa380000,0x00000000fa380000,0x00000000fb880000)
  to   space 25088K, 0% used [0x00000000fd600000,0x00000000fd600000,0x00000000fee80000)
 ParOldGen       total 120320K, used 47318K [0x00000000c7000000, 0x00000000ce580000, 0x00000000ed000000)
  object space 120320K, 39% used [0x00000000c7000000,0x00000000c9e35988,0x00000000ce580000)
 Metaspace       used 57913K, capacity 58728K, committed 59096K, reserved 1101824K
  class space    used 7334K, capacity 7553K, committed 7640K, reserved 1048576K
}

